2023/04/24 17:58:18 main.go:125: Main begun. Log file checked, opened, and set.
2023/04/24 17:58:18 main.go:126: New Forum Begun
2023/04/24 17:58:18 sqlFuncs.go:16: Database opened successfully.
2023/04/24 17:58:18 main.go:70: File Servers Started.
2023/04/24 17:58:18 main.go:81: Handlers Started.
2023/04/24 17:58:18 main.go:102: Server Started and listening on port :443.
2023/04/24 17:58:21 main.go:86: Handling request "/" and serving index.html
2023/04/24 17:58:45 handlers.go:124: Registering user: &{[] %!s(*http.http2stream=&{0xc000083380 33 0xc000318630 0xc00023c420 0xc000308370 0x4a1860 109 109 {[] 12582912 0xc000083400} {[] 1048467 0xc000083410} 3 false false false <nil> <nil> <nil> map[] map[]}) %!s(*http.http2serverConn=&{0xc0000ae190 0xc0000f8000 0xc0000d0380 0xc0000a2318 {0xc00009b410 0xc0000d0380 {0xc0000f8000}} 0xc00009b7a0 0xc0000f4620 0xc00008e3c0 0xc00008e300 0xc0001bc5a0 0xc0001bc660 0xc00008e360 0xc0001bc600 {[] 12497283 <nil>} {[] 1048467 <nil>} 0xc0000d8370 127.0.0.1:58192 0xc0000f4540 0 true false true false 0 0 4294967295 250 1 0 33 0 map[33:0xc000314370] 131072 16384 0 map[dnt:Dnt pragma:Pragma sec-fetch-dest:Sec-Fetch-Dest sec-fetch-mode:Sec-Fetch-Mode sec-fetch-site:Sec-Fetch-Site sec-fetch-user:Sec-Fetch-User te:Te upgrade-insecure-requests:Upgrade-Insecure-Requests] 984 false false false false false false 0 <nil> <nil> {[136 211 95 145 53 35 152 172 119 170 69 233 49 44 58 15 42 87 49 15 87 108 150 220 52 253 40 0 169 13 118 40 32 9 149 2 27 130 13 193 60 166 45 27 255 92 132 113 241 52 15 193] 0 0} 0xc0000f6500 {0 {0 0}}}) {%!s(uint32=0) {%!s(int32=0) %!s(uint32=0)}} %!s(bool=false) %!s(*http.http2pipe=&{{0 0} {{} 0xc000318630 {0 0 0 <nil> <nil>} 824636966504} 0xc0002335c0 0 0xb12750 <nil> <nil> 0x6d8020}) %!s(bool=false)}
2023/04/24 17:58:45 handlers.go:152: User: {John Doe JD JD@gmail.com 8 male 123}
2023/04/24 17:58:45 handlers.go:153: User: string
2023/04/24 17:58:45 handlers.go:157: <nil>
2023/04/24 17:58:45 h2_bundle.go:4452: http2: panic serving 127.0.0.1:58192: runtime error: invalid memory address or nil pointer dereference
goroutine 93 [running]:
net/http.(*http2serverConn).runHandler.func1()
	/usr/local/go/src/net/http/h2_bundle.go:6042 +0x145
panic({0x82ec00, 0xb12f90})
	/usr/local/go/src/runtime/panic.go:884 +0x213
database/sql.(*DB).conn(0x0, {0x90e0c8, 0xc0000a8000}, 0x1)
	/usr/local/go/src/database/sql/sql.go:1282 +0x53
database/sql.(*DB).exec(0xb56b40?, {0x90e0c8, 0xc0000a8000}, {0x897424, 0x66}, {0xc0000b5b70, 0x8, 0x8}, 0xcc?)
	/usr/local/go/src/database/sql/sql.go:1651 +0x5d
database/sql.(*DB).ExecContext.func1(0x40?)
	/usr/local/go/src/database/sql/sql.go:1634 +0x55
database/sql.(*DB).retry(0x415fe8?, 0xc0000b5a68)
	/usr/local/go/src/database/sql/sql.go:1538 +0x47
database/sql.(*DB).ExecContext(0xc0000180d8?, {0x90e0c8?, 0xc0000a8000?}, {0x897424?, 0xc000104ae0?}, {0xc0000b5b70?, 0x6c4fc5?, 0xb56aa0?})
	/usr/local/go/src/database/sql/sql.go:1633 +0xcc
database/sql.(*DB).Exec(...)
	/usr/local/go/src/database/sql/sql.go:1647
rtForum/websocket.registerUser({0x90de80, 0xc0002bd9e8}, 0xc000297300)
	/home/zdrastvyetyeh/.g6057/javascript-grit/Javascript-Grit-Projects/real-time-forum/websocket/handlers.go:158 +0x485
rtForum/websocket.RegistrationHandler({0x90de80?, 0xc0002bd9e8?}, 0x1f?)
	/home/zdrastvyetyeh/.g6057/javascript-grit/Javascript-Grit-Projects/real-time-forum/websocket/handlers.go:179 +0x25
net/http.HandlerFunc.ServeHTTP(0xb56aa0?, {0x90de80?, 0xc0002bd9e8?}, 0xc0001744a0?)
	/usr/local/go/src/net/http/server.go:2122 +0x2f
net/http.(*ServeMux).ServeHTTP(0x0?, {0x90de80, 0xc0002bd9e8}, 0xc000297300)
	/usr/local/go/src/net/http/server.go:2500 +0x149
net/http.serverHandler.ServeHTTP({0x4800?}, {0x90de80, 0xc0002bd9e8}, 0xc000297300)
	/usr/local/go/src/net/http/server.go:2936 +0x316
net/http.initALPNRequest.ServeHTTP({{0x90e138?, 0xc00009b410?}, 0xc0000d0380?, {0xc0000f8000?}}, {0x90de80, 0xc0002bd9e8}, 0xc000297300)
	/usr/local/go/src/net/http/server.go:3545 +0x245
net/http.(*http2serverConn).runHandler(0x90d740?, 0xb865b0?, 0x0?, 0x0?)
	/usr/local/go/src/net/http/h2_bundle.go:6049 +0x83
created by net/http.(*http2serverConn).processHeaders
	/usr/local/go/src/net/http/h2_bundle.go:5762 +0x68a
2023/04/24 18:01:43 main.go:29: Server stopped.
