2023/06/02 18:33:32 main.go:127: Main begun. Log file checked, opened, and set.
2023/06/02 18:33:32 main.go:128: New Forum Begun
2023/06/02 18:33:32 sqlFuncs.go:18: Database opened successfully.
2023/06/02 18:33:32 main.go:57: File Servers Started.
2023/06/02 18:33:32 main.go:68: Handlers Started.
2023/06/02 18:33:32 main.go:104: Server Started and listening on port :443.
2023/06/02 18:33:34 main.go:73: Handling request "/" and serving index.html
2023/06/02 18:33:34 main.go:77: Cookie exists.
2023/06/02 18:33:35 handlers.go:41: Checking login status.
2023/06/02 18:33:35 handlers.go:56: Manager's clients:  map[]
2023/06/02 18:33:35 handlers.go:94: No client found with matching session ID. User not logged in.
2023/06/02 18:33:35 main.go:73: Handling request "/" and serving index.html
2023/06/02 18:33:35 main.go:77: Cookie exists.
2023/06/02 18:33:36 handlers.go:41: Checking login status.
2023/06/02 18:33:36 handlers.go:56: Manager's clients:  map[]
2023/06/02 18:33:36 handlers.go:94: No client found with matching session ID. User not logged in.
2023/06/02 18:33:40 handlers.go:41: Checking login status.
2023/06/02 18:33:40 handlers.go:56: Manager's clients:  map[]
2023/06/02 18:33:40 handlers.go:94: No client found with matching session ID. User not logged in.
2023/06/02 18:33:40 handlers.go:108: Login handler reached.
2023/06/02 18:33:40 handlers.go:124: Login POST request received.
2023/06/02 18:33:40 utility.go:29: Password and hash match.
2023/06/02 18:33:40 handlers.go:143: User found: {ID:1 Username:admin Email:admin@gmail.com Joined:2023-06-02 12:28:02 Password:$2a$12$w9ii3aHQcYnJSgkSCskjM.WopLVDCQZHomxfIL8UwQSuSjmPN0kNy Session: NumberComments:0 NumberPosts:0}
2023/06/02 18:33:40 handlers.go:144: Authentication condition reached.
2023/06/02 18:33:40 handlers.go:145: User Login list:  map[]
2023/06/02 18:33:41 handlers.go:376: AllPostsHandler reached.
2023/06/02 18:33:41 handlers.go:376: AllPostsHandler reached.
2023/06/02 18:33:41 handlers.go:270: Serving websocket.
2023/06/02 18:33:41 handlers.go:30: Checking origin: https://localhost
2023/06/02 18:33:41 handlers.go:278: Decoding request body.
2023/06/02 18:33:41 handlers.go:290: Session Id in ServeWS:  81e442e1-3ad4-4808-b51b-cb26dedfeb4e
2023/06/02 18:33:41 handlers.go:307: Client does not exist.
2023/06/02 18:33:41 ws-client.go:44: New client connected.
2023/06/02 18:33:41 ws-manager.go:233: Client: 127.0.0.1:46196 added to manager.
2023/06/02 18:33:41 ws-client.go:65: Client IP and client port num.:  127.0.0.1:46196
2023/06/02 18:33:41 ws-client.go:90: Client read message from:  127.0.0.1:46196
2023/06/02 18:33:41 ws-manager.go:75: Adding user info: {user-connect {"otp":"7c4e5e0e-b902-4354-bea6-a19012be1ae3","id":1,"username":"admin","email":"admin@gmail.com","joined":"2023-06-02 12:28:02","loggedIn":false}}
2023/06/02 18:33:41 ws-manager.go:88: Adding user to LoggedInList:  admin
2023/06/02 18:33:41 ws-manager.go:92: User: admin added to LoggedInList:  map[admin:true]
2023/06/02 18:33:41 ws-client.go:177: Message sent to client: 127.0.0.1:46196 Message: {"type":"users-online","payload":{"admin":true}}
2023/06/02 18:33:45 handlers.go:41: Checking login status.
2023/06/02 18:33:45 handlers.go:56: Manager's clients:  map[0xc0000c01c0:true]
2023/06/02 18:33:45 handlers.go:94: No client found with matching session ID. User not logged in.
2023/06/02 18:33:45 handlers.go:108: Login handler reached.
2023/06/02 18:33:45 handlers.go:124: Login POST request received.
2023/06/02 18:33:45 handlers.go:137: Error querying database: sql: no rows in result set
2023/06/02 18:33:45 handlers.go:139: User not found: {ID:0 Username: Email: Joined: Password: Session: NumberComments:0 NumberPosts:0}
2023/06/02 18:33:53 handlers.go:41: Checking login status.
2023/06/02 18:33:53 handlers.go:56: Manager's clients:  map[0xc0000c01c0:true]
2023/06/02 18:33:53 handlers.go:94: No client found with matching session ID. User not logged in.
2023/06/02 18:33:53 handlers.go:108: Login handler reached.
2023/06/02 18:33:53 handlers.go:124: Login POST request received.
2023/06/02 18:33:53 utility.go:29: Password and hash match.
2023/06/02 18:33:53 handlers.go:143: User found: {ID:2 Username:usr1 Email:usr1@gmail.com Joined:2023-06-02 12:28:24 Password:$2a$12$k1hUhG0PwPea1UQP6jLGxuI1xeFVg/qaOYKJz58RJ6kQJKgbOLVwm Session: NumberComments:0 NumberPosts:0}
2023/06/02 18:33:53 handlers.go:144: Authentication condition reached.
2023/06/02 18:33:53 handlers.go:145: User Login list:  map[admin:true]
2023/06/02 18:33:53 handlers.go:376: AllPostsHandler reached.
2023/06/02 18:33:53 handlers.go:376: AllPostsHandler reached.
2023/06/02 18:33:53 handlers.go:270: Serving websocket.
2023/06/02 18:33:53 handlers.go:30: Checking origin: https://localhost
2023/06/02 18:33:53 handlers.go:278: Decoding request body.
2023/06/02 18:33:53 handlers.go:290: Session Id in ServeWS:  d5970280-2493-41a1-85a1-bc31b174ad0a
2023/06/02 18:33:53 handlers.go:307: Client does not exist.
2023/06/02 18:33:53 ws-client.go:44: New client connected.
2023/06/02 18:33:53 ws-manager.go:233: Client: 127.0.0.1:38234 added to manager.
2023/06/02 18:33:53 ws-client.go:65: Client IP and client port num.:  127.0.0.1:38234
2023/06/02 18:33:53 ws-client.go:90: Client read message from:  127.0.0.1:38234
2023/06/02 18:33:53 ws-manager.go:75: Adding user info: {user-connect {"otp":"e66ff44e-c5d8-45e3-922d-4375af9e81af","id":2,"username":"usr1","email":"usr1@gmail.com","joined":"2023-06-02 12:28:24","loggedIn":false}}
2023/06/02 18:33:53 ws-manager.go:88: Adding user to LoggedInList:  usr1
2023/06/02 18:33:53 ws-manager.go:92: User: usr1 added to LoggedInList:  map[admin:true usr1:true]
2023/06/02 18:33:53 ws-client.go:177: Message sent to client: 127.0.0.1:38234 Message: {"type":"users-online","payload":{"admin":true,"usr1":true}}
2023/06/02 18:33:53 ws-client.go:177: Message sent to client: 127.0.0.1:46196 Message: {"type":"users-online","payload":{"admin":true,"usr1":true}}
2023/06/02 18:33:55 ws-client.go:90: Client read message from:  127.0.0.1:46196
2023/06/02 18:33:55 ws-manager.go:116: History Request:  {0 admin usr1 false   0 0}
2023/06/02 18:33:55 ws-manager.go:134: History of Messages:  []
2023/06/02 18:33:55 ws-manager.go:148: History sent to:  admin
2023/06/02 18:33:55 ws-client.go:177: Message sent to client: 127.0.0.1:46196 Message: {"type":"chat_history","payload":null}
2023/06/02 18:35:51 main.go:41: Server stopped.
