2023/03/31 12:09:26 Main begun. Log file checked, opened, and set.
2023/03/31 12:09:26 New Forum Begun
2023/03/31 12:09:26 File Servers Started.
2023/03/31 12:09:26 Handlers Started.
2023/03/31 12:09:26 Server Started and listening on port 443.
2023/03/31 12:09:29 Handling request "/" and serving index.html
2023/03/31 12:09:30 Websocket started.
2023/03/31 12:09:30 Manager factory function called.
2023/03/31 12:09:30 New client connected.
2023/03/31 12:09:43 Handling request "/" and serving index.html
2023/03/31 12:09:43 Websocket started.
2023/03/31 12:09:43 Manager factory function called.
2023/03/31 12:09:43 New client connected.
2023/03/31 12:10:01 Handling request "/" and serving index.html
2023/03/31 12:10:02 Websocket started.
2023/03/31 12:10:02 Manager factory function called.
2023/03/31 12:10:02 New client connected.
2023/03/31 12:11:35 Handling request "/" and serving index.html
2023/03/31 12:11:35 Websocket started.
2023/03/31 12:11:35 Manager factory function called.
2023/03/31 12:11:35 New client connected.
2023/03/31 12:12:01 Handling request "/" and serving index.html
2023/03/31 12:12:02 Websocket started.
2023/03/31 12:12:02 Manager factory function called.
2023/03/31 12:12:02 New client connected.
2023/03/31 12:13:03 Handling request "/" and serving index.html
2023/03/31 12:13:04 Websocket started.
2023/03/31 12:13:04 Manager factory function called.
2023/03/31 12:13:04 New client connected.
2023/03/31 12:13:36 Handling request "/" and serving index.html
2023/03/31 12:13:37 Websocket started.
2023/03/31 12:13:37 Manager factory function called.
2023/03/31 12:13:37 New client connected.
2023/03/31 12:14:24 Handling request "/" and serving index.html
2023/03/31 12:14:25 Websocket started.
2023/03/31 12:14:25 Manager factory function called.
2023/03/31 12:14:25 New client connected.
2023/03/31 12:15:38 Handling request "/" and serving index.html
2023/03/31 12:15:39 Websocket started.
2023/03/31 12:15:39 Manager factory function called.
2023/03/31 12:15:39 New client connected.
2023/03/31 12:17:11 Handling request "/" and serving index.html
2023/03/31 12:17:12 Websocket started.
2023/03/31 12:17:12 Manager factory function called.
2023/03/31 12:17:12 New client connected.
2023/03/31 12:17:20 Handling request "/" and serving index.html
2023/03/31 12:17:20 Websocket started.
2023/03/31 12:17:20 Manager factory function called.
2023/03/31 12:17:20 New client connected.
2023/03/31 12:17:33 Handling request "/" and serving index.html
2023/03/31 12:17:34 Websocket started.
2023/03/31 12:17:34 Manager factory function called.
2023/03/31 12:17:34 New client connected.
2023/03/31 12:21:54 Handling request "/" and serving index.html
2023/03/31 12:21:55 Websocket started.
2023/03/31 12:21:55 Manager factory function called.
2023/03/31 12:21:55 New client connected.
